<?xml version="1.0" encoding="UTF-8"?>
<!-- Generated by org.testng.reporters.JUnitReportReporter -->
<testsuite hostname="22I5DELL354" failures="0" tests="1" name="com.automation.conditionsCollectionsJunit" time="0.118" errors="0" timestamp="2022-04-11T19:10:03 ICT" skipped="0">
  <testcase classname="com.automation.conditionsCollectionsJunit" name="checkMap" time="0.118"/>
  <system-out/>
</testsuite> <!-- com.automation.conditionsCollectionsJunit -->
