<?xml version="1.0" encoding="UTF-8"?>
<!-- Generated by org.testng.reporters.JUnitReportReporter -->
<testsuite hostname="22I5DELL354" failures="0" tests="1" name="com.automation.AppTest" time="0.020" errors="0" timestamp="2022-03-30T23:44:56 ICT" skipped="0">
  <testcase classname="com.automation.AppTest" name="shouldAnswerWithTrue" time="0.020"/>
  <system-out/>
</testsuite> <!-- com.automation.AppTest -->
